<?xml version="1.0" encoding="UTF-8"?>
<!-- Generated by org.testng.reporters.JUnitReportReporter -->
<testsuite skipped="0" hostname="DESKTOP-5T3ASGR" name="cucumberOptions.TestRunner" tests="1" failures="0" timestamp="09 Nov 2019 11:44:16 GMT" time="55.503" errors="0">
  <testcase name="feature" time="55.503" classname="cucumberOptions.TestRunner"/>
</testsuite> <!-- cucumberOptions.TestRunner -->
