<?xml version="1.0" encoding="UTF-8"?>
<!-- Generated by org.testng.reporters.JUnitReportReporter -->
<testsuite skipped="0" hostname="DESKTOP-5T3ASGR" name="cucumberOptions.TestRunner_Selenium" tests="1" failures="0" timestamp="08 Nov 2019 15:24:31 GMT" time="16.721" errors="0">
  <testcase name="feature" time="16.721" classname="cucumberOptions.TestRunner_Selenium"/>
</testsuite> <!-- cucumberOptions.TestRunner_Selenium -->
