<?xml version="1.0" encoding="UTF-8"?>
<!-- Generated by org.testng.reporters.JUnitReportReporter -->
<testsuite hostname="DESKTOP-5T3ASGR" name="cucumberOptions.TestRunner_Mobile" tests="1" failures="0" timestamp="7 Nov 2019 11:58:43 GMT" time="0.078" errors="0">
  <testcase name="feature" time="0.078" classname="cucumberOptions.TestRunner_Mobile"/>
</testsuite> <!-- cucumberOptions.TestRunner_Mobile -->
