<?xml version="1.0" encoding="UTF-8"?>
<!-- Generated by org.testng.reporters.JUnitReportReporter -->
<testsuite skipped="0" hostname="DESKTOP-5T3ASGR" name="cucumberOptions.TestRunner" tests="1" failures="0" timestamp="2019-11-09T20:24:23 IST" time="33.410" errors="0">
  <testcase name="feature" time="33.410" classname="cucumberOptions.TestRunner"/>
</testsuite> <!-- cucumberOptions.TestRunner -->
