<?xml version="1.0" encoding="UTF-8"?>
<!-- Generated by org.testng.reporters.JUnitReportReporter -->
<testsuite skipped="0" hostname="DESKTOP-5T3ASGR" name="cucumberOptions.TestRunner_Regression" tests="1" failures="0" timestamp="07 Nov 2019 13:34:37 GMT" time="0.015" errors="0">
  <testcase name="feature" time="0.015" classname="cucumberOptions.TestRunner_Regression"/>
</testsuite> <!-- cucumberOptions.TestRunner_Regression -->
